[2022-11-14T20:35:38.269421+00:00] general.INFO: Run command:  [] []
[2022-11-14T20:36:38.875344+00:00] general.INFO: Run command: -help [] []
[2022-11-14T20:38:58.870725+00:00] general.INFO: Run command: help [] []
[2022-11-14T20:39:14.792622+00:00] general.INFO: Run command: help [] []
[2022-11-14T20:39:39.851474+00:00] general.INFO: Run command:  [] []
[2022-11-14T20:40:52.965981+00:00] general.INFO: Run command:  [] []
[2022-11-14T20:44:30.346555+00:00] general.INFO: Run command:  [] []
[2022-11-14T20:53:07.732421+00:00] general.INFO: Run command:  [] []
[2022-11-14T21:05:45.466537+00:00] general.INFO: Run command: url_encode ["http://site.com"] []
[2022-11-14T21:06:15.522629+00:00] general.INFO: Run command: url_encode ["http://site.com"] []
[2022-11-14T21:20:27.240877+00:00] general.INFO: Run command: url_encode ["http://sites.com"] []
[2022-11-14T21:20:38.802815+00:00] general.INFO: Run command: url_encode ["http://sites.com"] []
[2022-11-14T21:21:12.536226+00:00] general.INFO: Run command: url_decode ["8w61wQWe"] []
[2022-12-21T16:04:16.750649+00:00] general.INFO: Run command:  [] []
[2022-12-22T08:47:27.069827+00:00] general.INFO: Run command:  [] []
[2022-12-22T08:48:14.897177+00:00] general.INFO: Run command: http://site.com [] []
[2022-12-22T08:51:18.344668+00:00] general.INFO: Run command: help [] []
[2022-12-22T08:51:54.825852+00:00] general.INFO: Run command: http://site.com [] []
[2022-12-22T08:52:13.819743+00:00] general.INFO: Run command: http://site.com [] []
[2022-12-22T08:52:26.697994+00:00] general.INFO: Run command: http://site.com [] []
[2022-12-22T08:53:58.068557+00:00] general.INFO: Run command:  [] []
[2022-12-22T08:57:45.562333+00:00] general.INFO: Run command:  [] []
[2022-12-22T09:06:41.638443+00:00] general.INFO: Run command: https://alsdjaklsjd.com [] []
[2022-12-22T09:08:24.249992+00:00] general.INFO: Run command: decode ["https://alsdjaklsjd.com"] []
[2022-12-22T09:09:25.847312+00:00] general.INFO: Run command: decode ["https://alsdjaklsjd.com"] []
[2022-12-22T09:17:28.321009+00:00] general.INFO: Run command: decode ["https://alsdjaklsjd.com"] []
