2023/02/25 15:45:43 [notice] 1#1: using the "epoll" event method
2023/02/25 15:45:43 [notice] 1#1: nginx/1.23.3
2023/02/25 15:45:43 [notice] 1#1: built by gcc 10.2.1 20210110 (Debian 10.2.1-6) 
2023/02/25 15:45:43 [notice] 1#1: OS: Linux 5.10.16.3-microsoft-standard-WSL2
2023/02/25 15:45:43 [notice] 1#1: getrlimit(RLIMIT_NOFILE): 1048576:1048576
2023/02/25 15:45:43 [notice] 1#1: start worker processes
2023/02/25 15:45:43 [notice] 1#1: start worker process 20
2023/02/25 15:45:43 [notice] 1#1: start worker process 21
2023/02/25 15:45:43 [notice] 1#1: start worker process 22
2023/02/25 15:45:43 [notice] 1#1: start worker process 23
2023/02/25 15:45:43 [notice] 1#1: start worker process 24
2023/02/25 15:45:43 [notice] 1#1: start worker process 25
2023/02/25 15:45:43 [notice] 1#1: start worker process 26
2023/02/25 15:45:43 [notice] 1#1: start worker process 27
2023/02/25 15:45:43 [notice] 1#1: start worker process 28
2023/02/25 15:45:43 [notice] 1#1: start worker process 29
2023/02/25 15:45:43 [notice] 1#1: start worker process 30
2023/02/25 15:45:43 [notice] 1#1: start worker process 31
2023/02/25 15:45:43 [notice] 1#1: start worker process 32
2023/02/25 15:45:43 [notice] 1#1: start worker process 33
2023/02/25 15:45:43 [notice] 1#1: start worker process 34
2023/02/25 15:45:43 [notice] 1#1: start worker process 35
2023/02/25 15:48:17 [notice] 1#1: signal 3 (SIGQUIT) received, shutting down
2023/02/25 15:48:17 [notice] 20#20: gracefully shutting down
2023/02/25 15:48:17 [notice] 30#30: gracefully shutting down
2023/02/25 15:48:17 [notice] 22#22: gracefully shutting down
2023/02/25 15:48:17 [notice] 21#21: gracefully shutting down
2023/02/25 15:48:17 [notice] 23#23: gracefully shutting down
2023/02/25 15:48:17 [notice] 24#24: gracefully shutting down
2023/02/25 15:48:17 [notice] 25#25: gracefully shutting down
2023/02/25 15:48:17 [notice] 26#26: gracefully shutting down
2023/02/25 15:48:17 [notice] 28#28: gracefully shutting down
2023/02/25 15:48:17 [notice] 27#27: gracefully shutting down
2023/02/25 15:48:17 [notice] 29#29: gracefully shutting down
2023/02/25 15:48:17 [notice] 31#31: gracefully shutting down
2023/02/25 15:48:17 [notice] 20#20: exiting
2023/02/25 15:48:17 [notice] 32#32: gracefully shutting down
2023/02/25 15:48:17 [notice] 34#34: gracefully shutting down
2023/02/25 15:48:17 [notice] 33#33: gracefully shutting down
2023/02/25 15:48:17 [notice] 35#35: gracefully shutting down
2023/02/25 15:48:17 [notice] 30#30: exiting
2023/02/25 15:48:17 [notice] 22#22: exiting
2023/02/25 15:48:17 [notice] 21#21: exiting
2023/02/25 15:48:17 [notice] 23#23: exiting
2023/02/25 15:48:17 [notice] 24#24: exiting
2023/02/25 15:48:17 [notice] 25#25: exiting
2023/02/25 15:48:17 [notice] 26#26: exiting
2023/02/25 15:48:17 [notice] 28#28: exiting
2023/02/25 15:48:17 [notice] 27#27: exiting
2023/02/25 15:48:17 [notice] 29#29: exiting
2023/02/25 15:48:17 [notice] 31#31: exiting
2023/02/25 15:48:17 [notice] 20#20: exit
2023/02/25 15:48:17 [notice] 32#32: exiting
2023/02/25 15:48:17 [notice] 34#34: exiting
2023/02/25 15:48:17 [notice] 33#33: exiting
2023/02/25 15:48:17 [notice] 33#33: exit
2023/02/25 15:48:17 [notice] 35#35: exiting
2023/02/25 15:48:17 [notice] 30#30: exit
2023/02/25 15:48:17 [notice] 22#22: exit
2023/02/25 15:48:17 [notice] 21#21: exit
2023/02/25 15:48:17 [notice] 23#23: exit
2023/02/25 15:48:17 [notice] 24#24: exit
2023/02/25 15:48:17 [notice] 25#25: exit
2023/02/25 15:48:17 [notice] 26#26: exit
2023/02/25 15:48:17 [notice] 28#28: exit
2023/02/25 15:48:17 [notice] 27#27: exit
2023/02/25 15:48:17 [notice] 29#29: exit
2023/02/25 15:48:17 [notice] 31#31: exit
2023/02/25 15:48:17 [notice] 32#32: exit
2023/02/25 15:48:17 [notice] 34#34: exit
2023/02/25 15:48:17 [notice] 35#35: exit
2023/02/25 15:48:17 [notice] 1#1: signal 17 (SIGCHLD) received from 28
2023/02/25 15:48:17 [notice] 1#1: worker process 28 exited with code 0
2023/02/25 15:48:17 [notice] 1#1: worker process 34 exited with code 0
2023/02/25 15:48:17 [notice] 1#1: signal 29 (SIGIO) received
2023/02/25 15:48:17 [notice] 1#1: signal 17 (SIGCHLD) received from 34
2023/02/25 15:48:17 [notice] 1#1: signal 17 (SIGCHLD) received from 31
2023/02/25 15:48:17 [notice] 1#1: worker process 31 exited with code 0
2023/02/25 15:48:17 [notice] 1#1: signal 29 (SIGIO) received
2023/02/25 15:48:17 [notice] 1#1: signal 17 (SIGCHLD) received from 27
2023/02/25 15:48:17 [notice] 1#1: worker process 20 exited with code 0
2023/02/25 15:48:17 [notice] 1#1: worker process 22 exited with code 0
2023/02/25 15:48:17 [notice] 1#1: worker process 24 exited with code 0
2023/02/25 15:48:17 [notice] 1#1: worker process 27 exited with code 0
2023/02/25 15:48:17 [notice] 1#1: worker process 29 exited with code 0
2023/02/25 15:48:17 [notice] 1#1: worker process 32 exited with code 0
2023/02/25 15:48:17 [notice] 1#1: worker process 33 exited with code 0
2023/02/25 15:48:17 [notice] 1#1: signal 29 (SIGIO) received
2023/02/25 15:48:17 [notice] 1#1: signal 17 (SIGCHLD) received from 22
2023/02/25 15:48:17 [notice] 1#1: signal 17 (SIGCHLD) received from 23
2023/02/25 15:48:17 [notice] 1#1: worker process 23 exited with code 0
2023/02/25 15:48:17 [notice] 1#1: worker process 26 exited with code 0
2023/02/25 15:48:17 [notice] 1#1: worker process 30 exited with code 0
2023/02/25 15:48:17 [notice] 1#1: worker process 35 exited with code 0
2023/02/25 15:48:17 [notice] 1#1: signal 29 (SIGIO) received
2023/02/25 15:48:17 [notice] 1#1: signal 17 (SIGCHLD) received from 25
2023/02/25 15:48:17 [notice] 1#1: worker process 25 exited with code 0
2023/02/25 15:48:17 [notice] 1#1: signal 29 (SIGIO) received
2023/02/25 15:48:17 [notice] 1#1: signal 17 (SIGCHLD) received from 21
2023/02/25 15:48:17 [notice] 1#1: worker process 21 exited with code 0
2023/02/25 15:48:17 [notice] 1#1: exit
2023/02/25 15:48:26 [notice] 1#1: using the "epoll" event method
2023/02/25 15:48:26 [notice] 1#1: nginx/1.23.3
2023/02/25 15:48:26 [notice] 1#1: built by gcc 10.2.1 20210110 (Debian 10.2.1-6) 
2023/02/25 15:48:26 [notice] 1#1: OS: Linux 5.10.16.3-microsoft-standard-WSL2
2023/02/25 15:48:26 [notice] 1#1: getrlimit(RLIMIT_NOFILE): 1048576:1048576
2023/02/25 15:48:26 [notice] 1#1: start worker processes
2023/02/25 15:48:26 [notice] 1#1: start worker process 20
2023/02/25 15:48:26 [notice] 1#1: start worker process 21
2023/02/25 15:48:26 [notice] 1#1: start worker process 22
2023/02/25 15:48:26 [notice] 1#1: start worker process 23
2023/02/25 15:48:26 [notice] 1#1: start worker process 24
2023/02/25 15:48:26 [notice] 1#1: start worker process 25
2023/02/25 15:48:26 [notice] 1#1: start worker process 26
2023/02/25 15:48:26 [notice] 1#1: start worker process 27
2023/02/25 15:48:26 [notice] 1#1: start worker process 28
2023/02/25 15:48:26 [notice] 1#1: start worker process 29
2023/02/25 15:48:26 [notice] 1#1: start worker process 30
2023/02/25 15:48:26 [notice] 1#1: start worker process 31
2023/02/25 15:48:26 [notice] 1#1: start worker process 32
2023/02/25 15:48:26 [notice] 1#1: start worker process 33
2023/02/25 15:48:26 [notice] 1#1: start worker process 34
2023/02/25 15:48:26 [notice] 1#1: start worker process 35
2023/02/25 15:51:13 [notice] 1#1: signal 3 (SIGQUIT) received, shutting down
2023/02/25 15:51:13 [notice] 20#20: gracefully shutting down
2023/02/25 15:51:13 [notice] 30#30: gracefully shutting down
2023/02/25 15:51:13 [notice] 21#21: gracefully shutting down
2023/02/25 15:51:13 [notice] 22#22: gracefully shutting down
2023/02/25 15:51:13 [notice] 23#23: gracefully shutting down
2023/02/25 15:51:13 [notice] 24#24: gracefully shutting down
2023/02/25 15:51:13 [notice] 25#25: gracefully shutting down
2023/02/25 15:51:13 [notice] 26#26: gracefully shutting down
2023/02/25 15:51:13 [notice] 27#27: gracefully shutting down
2023/02/25 15:51:13 [notice] 28#28: gracefully shutting down
2023/02/25 15:51:13 [notice] 29#29: gracefully shutting down
2023/02/25 15:51:13 [notice] 32#32: gracefully shutting down
2023/02/25 15:51:13 [notice] 20#20: exiting
2023/02/25 15:51:13 [notice] 31#31: gracefully shutting down
2023/02/25 15:51:13 [notice] 33#33: gracefully shutting down
2023/02/25 15:51:13 [notice] 34#34: gracefully shutting down
2023/02/25 15:51:13 [notice] 35#35: gracefully shutting down
2023/02/25 15:51:13 [notice] 30#30: exiting
2023/02/25 15:51:13 [notice] 21#21: exiting
2023/02/25 15:51:13 [notice] 22#22: exiting
2023/02/25 15:51:13 [notice] 23#23: exiting
2023/02/25 15:51:13 [notice] 24#24: exiting
2023/02/25 15:51:13 [notice] 25#25: exiting
2023/02/25 15:51:13 [notice] 26#26: exiting
2023/02/25 15:51:13 [notice] 27#27: exiting
2023/02/25 15:51:13 [notice] 28#28: exiting
2023/02/25 15:51:13 [notice] 29#29: exiting
2023/02/25 15:51:13 [notice] 32#32: exiting
2023/02/25 15:51:13 [notice] 20#20: exit
2023/02/25 15:51:13 [notice] 31#31: exiting
2023/02/25 15:51:13 [notice] 33#33: exiting
2023/02/25 15:51:13 [notice] 34#34: exiting
2023/02/25 15:51:13 [notice] 35#35: exiting
2023/02/25 15:51:13 [notice] 30#30: exit
2023/02/25 15:51:13 [notice] 21#21: exit
2023/02/25 15:51:13 [notice] 22#22: exit
2023/02/25 15:51:13 [notice] 23#23: exit
2023/02/25 15:51:13 [notice] 24#24: exit
2023/02/25 15:51:13 [notice] 25#25: exit
2023/02/25 15:51:13 [notice] 26#26: exit
2023/02/25 15:51:13 [notice] 27#27: exit
2023/02/25 15:51:13 [notice] 28#28: exit
2023/02/25 15:51:13 [notice] 29#29: exit
2023/02/25 15:51:13 [notice] 32#32: exit
2023/02/25 15:51:13 [notice] 31#31: exit
2023/02/25 15:51:13 [notice] 33#33: exit
2023/02/25 15:51:13 [notice] 34#34: exit
2023/02/25 15:51:13 [notice] 35#35: exit
2023/02/25 15:51:13 [notice] 1#1: signal 17 (SIGCHLD) received from 25
2023/02/25 15:51:13 [notice] 1#1: worker process 22 exited with code 0
2023/02/25 15:51:13 [notice] 1#1: worker process 25 exited with code 0
2023/02/25 15:51:13 [notice] 1#1: signal 29 (SIGIO) received
2023/02/25 15:51:13 [notice] 1#1: signal 17 (SIGCHLD) received from 22
2023/02/25 15:51:13 [notice] 1#1: signal 17 (SIGCHLD) received from 32
2023/02/25 15:51:13 [notice] 1#1: worker process 27 exited with code 0
2023/02/25 15:51:13 [notice] 1#1: worker process 29 exited with code 0
2023/02/25 15:51:13 [notice] 1#1: worker process 32 exited with code 0
2023/02/25 15:51:13 [notice] 1#1: worker process 33 exited with code 0
2023/02/25 15:51:13 [notice] 1#1: signal 29 (SIGIO) received
2023/02/25 15:51:13 [notice] 1#1: signal 17 (SIGCHLD) received from 27
2023/02/25 15:51:13 [notice] 1#1: signal 17 (SIGCHLD) received from 35
2023/02/25 15:51:13 [notice] 1#1: worker process 20 exited with code 0
2023/02/25 15:51:13 [notice] 1#1: worker process 23 exited with code 0
2023/02/25 15:51:13 [notice] 1#1: worker process 26 exited with code 0
2023/02/25 15:51:13 [notice] 1#1: worker process 31 exited with code 0
2023/02/25 15:51:13 [notice] 1#1: worker process 35 exited with code 0
2023/02/25 15:51:13 [notice] 1#1: signal 29 (SIGIO) received
2023/02/25 15:51:13 [notice] 1#1: signal 17 (SIGCHLD) received from 31
2023/02/25 15:51:13 [notice] 1#1: signal 17 (SIGCHLD) received from 30
2023/02/25 15:51:13 [notice] 1#1: worker process 21 exited with code 0
2023/02/25 15:51:13 [notice] 1#1: worker process 30 exited with code 0
2023/02/25 15:51:13 [notice] 1#1: signal 29 (SIGIO) received
2023/02/25 15:51:13 [notice] 1#1: signal 17 (SIGCHLD) received from 28
2023/02/25 15:51:13 [notice] 1#1: worker process 24 exited with code 0
2023/02/25 15:51:13 [notice] 1#1: worker process 28 exited with code 0
2023/02/25 15:51:13 [notice] 1#1: worker process 34 exited with code 0
2023/02/25 15:51:13 [notice] 1#1: exit
2023/02/25 15:51:22 [emerg] 1#1: host not found in upstream "php" in /etc/nginx/conf.d/hmw_nginx.conf:14
2023/02/25 20:00:51 [emerg] 1#1: host not found in upstream "php" in /etc/nginx/conf.d/hmw_nginx.conf:14
2023/02/25 20:13:58 [emerg] 1#1: host not found in upstream "php" in /etc/nginx/conf.d/hmw_nginx.conf:14
2023/02/25 20:16:45 [emerg] 1#1: host not found in upstream "php" in /etc/nginx/conf.d/hmw_nginx.conf:14
2023/02/25 20:40:29 [emerg] 1#1: host not found in upstream "php" in /etc/nginx/conf.d/hmw_nginx.conf:14
2023/02/25 21:17:23 [emerg] 1#1: host not found in upstream "php" in /etc/nginx/conf.d/hmw_nginx.conf:14
2023/02/25 21:19:46 [notice] 1#1: using the "epoll" event method
2023/02/25 21:19:46 [notice] 1#1: nginx/1.23.3
2023/02/25 21:19:46 [notice] 1#1: built by gcc 10.2.1 20210110 (Debian 10.2.1-6) 
2023/02/25 21:19:46 [notice] 1#1: OS: Linux 5.10.16.3-microsoft-standard-WSL2
2023/02/25 21:19:46 [notice] 1#1: getrlimit(RLIMIT_NOFILE): 1048576:1048576
2023/02/25 21:19:46 [notice] 1#1: start worker processes
2023/02/25 21:19:46 [notice] 1#1: start worker process 20
2023/02/25 21:19:46 [notice] 1#1: start worker process 21
2023/02/25 21:19:46 [notice] 1#1: start worker process 22
2023/02/25 21:19:46 [notice] 1#1: start worker process 23
2023/02/25 21:19:46 [notice] 1#1: start worker process 24
2023/02/25 21:19:46 [notice] 1#1: start worker process 25
2023/02/25 21:19:46 [notice] 1#1: start worker process 26
2023/02/25 21:19:46 [notice] 1#1: start worker process 27
2023/02/25 21:19:46 [notice] 1#1: start worker process 28
2023/02/25 21:19:46 [notice] 1#1: start worker process 29
2023/02/25 21:19:46 [notice] 1#1: start worker process 30
2023/02/25 21:19:46 [notice] 1#1: start worker process 31
2023/02/25 21:19:46 [notice] 1#1: start worker process 32
2023/02/25 21:19:46 [notice] 1#1: start worker process 33
2023/02/25 21:19:46 [notice] 1#1: start worker process 34
2023/02/25 21:19:46 [notice] 1#1: start worker process 35
2023/02/25 21:20:46 [notice] 1#1: signal 3 (SIGQUIT) received, shutting down
2023/02/25 21:20:46 [notice] 20#20: gracefully shutting down
2023/02/25 21:20:46 [notice] 31#31: gracefully shutting down
2023/02/25 21:20:46 [notice] 21#21: gracefully shutting down
2023/02/25 21:20:46 [notice] 22#22: gracefully shutting down
2023/02/25 21:20:46 [notice] 23#23: gracefully shutting down
2023/02/25 21:20:46 [notice] 24#24: gracefully shutting down
2023/02/25 21:20:46 [notice] 25#25: gracefully shutting down
2023/02/25 21:20:46 [notice] 26#26: gracefully shutting down
2023/02/25 21:20:46 [notice] 27#27: gracefully shutting down
2023/02/25 21:20:46 [notice] 28#28: gracefully shutting down
2023/02/25 21:20:46 [notice] 29#29: gracefully shutting down
2023/02/25 21:20:46 [notice] 30#30: gracefully shutting down
2023/02/25 21:20:46 [notice] 32#32: gracefully shutting down
2023/02/25 21:20:46 [notice] 33#33: gracefully shutting down
2023/02/25 21:20:46 [notice] 34#34: gracefully shutting down
2023/02/25 21:20:46 [notice] 35#35: gracefully shutting down
2023/02/25 21:20:46 [notice] 20#20: exiting
2023/02/25 21:20:46 [notice] 31#31: exiting
2023/02/25 21:20:46 [notice] 22#22: exiting
2023/02/25 21:20:46 [notice] 23#23: exiting
2023/02/25 21:20:46 [notice] 24#24: exiting
2023/02/25 21:20:46 [notice] 25#25: exiting
2023/02/25 21:20:46 [notice] 26#26: exiting
2023/02/25 21:20:46 [notice] 27#27: exiting
2023/02/25 21:20:46 [notice] 28#28: exiting
2023/02/25 21:20:46 [notice] 29#29: exiting
2023/02/25 21:20:46 [notice] 30#30: exiting
2023/02/25 21:20:46 [notice] 32#32: exiting
2023/02/25 21:20:46 [notice] 33#33: exiting
2023/02/25 21:20:46 [notice] 34#34: exiting
2023/02/25 21:20:46 [notice] 35#35: exiting
2023/02/25 21:20:46 [notice] 20#20: exit
2023/02/25 21:20:46 [notice] 31#31: exit
2023/02/25 21:20:46 [notice] 22#22: exit
2023/02/25 21:20:46 [notice] 23#23: exit
2023/02/25 21:20:46 [notice] 24#24: exit
2023/02/25 21:20:46 [notice] 25#25: exit
2023/02/25 21:20:46 [notice] 26#26: exit
2023/02/25 21:20:46 [notice] 27#27: exit
2023/02/25 21:20:46 [notice] 28#28: exit
2023/02/25 21:20:46 [notice] 29#29: exit
2023/02/25 21:20:46 [notice] 30#30: exit
2023/02/25 21:20:46 [notice] 32#32: exit
2023/02/25 21:20:46 [notice] 33#33: exit
2023/02/25 21:20:46 [notice] 34#34: exit
2023/02/25 21:20:46 [notice] 35#35: exit
2023/02/25 21:20:46 [notice] 1#1: signal 17 (SIGCHLD) received from 29
2023/02/25 21:20:46 [notice] 1#1: worker process 23 exited with code 0
2023/02/25 21:20:46 [notice] 1#1: worker process 29 exited with code 0
2023/02/25 21:20:46 [notice] 1#1: worker process 30 exited with code 0
2023/02/25 21:20:46 [notice] 1#1: signal 29 (SIGIO) received
2023/02/25 21:20:46 [notice] 1#1: signal 17 (SIGCHLD) received from 30
2023/02/25 21:20:46 [notice] 1#1: signal 17 (SIGCHLD) received from 27
2023/02/25 21:20:46 [notice] 1#1: worker process 20 exited with code 0
2023/02/25 21:20:46 [notice] 1#1: worker process 24 exited with code 0
2023/02/25 21:20:46 [notice] 1#1: worker process 25 exited with code 0
2023/02/25 21:20:46 [notice] 1#1: worker process 27 exited with code 0
2023/02/25 21:20:46 [notice] 1#1: worker process 31 exited with code 0
2023/02/25 21:20:46 [notice] 1#1: worker process 33 exited with code 0
2023/02/25 21:20:46 [notice] 1#1: worker process 34 exited with code 0
2023/02/25 21:20:46 [notice] 1#1: signal 29 (SIGIO) received
2023/02/25 21:20:46 [notice] 1#1: signal 17 (SIGCHLD) received from 25
2023/02/25 21:20:46 [notice] 1#1: signal 17 (SIGCHLD) received from 26
2023/02/25 21:20:46 [notice] 1#1: worker process 22 exited with code 0
2023/02/25 21:20:46 [notice] 1#1: worker process 26 exited with code 0
2023/02/25 21:20:46 [notice] 1#1: worker process 28 exited with code 0
2023/02/25 21:20:46 [notice] 1#1: worker process 32 exited with code 0
2023/02/25 21:20:46 [notice] 1#1: worker process 35 exited with code 0
2023/02/25 21:20:46 [notice] 1#1: signal 29 (SIGIO) received
2023/02/26 11:22:25 [notice] 1#1: using the "epoll" event method
2023/02/26 11:22:25 [notice] 1#1: nginx/1.23.3
2023/02/26 11:22:25 [notice] 1#1: built by gcc 10.2.1 20210110 (Debian 10.2.1-6) 
2023/02/26 11:22:25 [notice] 1#1: OS: Linux 5.10.16.3-microsoft-standard-WSL2
2023/02/26 11:22:25 [notice] 1#1: getrlimit(RLIMIT_NOFILE): 1048576:1048576
2023/02/26 11:22:25 [notice] 1#1: start worker processes
2023/02/26 11:22:25 [notice] 1#1: start worker process 20
2023/02/26 11:22:25 [notice] 1#1: start worker process 21
2023/02/26 11:22:25 [notice] 1#1: start worker process 22
2023/02/26 11:22:25 [notice] 1#1: start worker process 23
2023/02/26 11:22:25 [notice] 1#1: start worker process 24
2023/02/26 11:22:25 [notice] 1#1: start worker process 25
2023/02/26 11:22:25 [notice] 1#1: start worker process 26
2023/02/26 11:22:25 [notice] 1#1: start worker process 27
2023/02/26 11:22:25 [notice] 1#1: start worker process 28
2023/02/26 11:22:25 [notice] 1#1: start worker process 29
2023/02/26 11:22:25 [notice] 1#1: start worker process 30
2023/02/26 11:22:25 [notice] 1#1: start worker process 31
2023/02/26 11:22:25 [notice] 1#1: start worker process 32
2023/02/26 11:22:25 [notice] 1#1: start worker process 33
2023/02/26 11:22:25 [notice] 1#1: start worker process 34
2023/02/26 11:22:25 [notice] 1#1: start worker process 35
